<?xml version="1.0" encoding="UTF-8"?>
<!-- Generated by org.testng.reporters.JUnitXMLReporter -->
<testsuite ignored="0" hostname="CPC-debas-HPLU6" failures="1" tests="5" name="Test" time="5.295" errors="0" timestamp="2024-07-22T11:30:14 IST">
  <testcase classname="com.bookcart.tests.HomePageTest" name="getPageTitleTest" time="1.76"/>
  <testcase classname="com.bookcart.tests.HomePageTest" name="isBookCartIconAvailableTest" time="1.805"/>
  <testcase classname="com.bookcart.tests.RegistrationPageTest" name="getPageTitleTest" time="0.24"/>
  <testcase classname="com.bookcart.tests.RegistrationPageTest" name="isRegisterBtnAvailableTest" time="0.198"/>
  <testcase classname="com.bookcart.tests.RegistrationPageTest" name="doRegistrationTest" time="0.775">
    <failure type="java.lang.AssertionError" message="expected [true] but found [false]">
      <![CDATA[java.lang.AssertionError: expected [true] but found [false]
at com.bookcart.tests.RegistrationPageTest.doRegistrationTest(RegistrationPageTest.java:29)
at java.base/java.util.concurrent.ThreadPoolExecutor.runWorker(ThreadPoolExecutor.java:1144)
at java.base/java.util.concurrent.ThreadPoolExecutor$Worker.run(ThreadPoolExecutor.java:642)
at java.base/java.lang.Thread.run(Thread.java:1583)
... Removed 14 stack frames]]>
    </failure>
  </testcase> <!-- doRegistrationTest -->
</testsuite> <!-- Test -->
